<?xml version="1.0" encoding="UTF-8"?>
<testsuite xmlns:xsi="http://www.w3.org/2001/XMLSchema-instance" xsi:noNamespaceSchemaLocation="https://maven.apache.org/surefire/maven-surefire-plugin/xsd/surefire-test-report.xsd" version="3.0.2" name="com.tt1.trabajo.ServicioPracticaTest" time="0.048" tests="1" errors="0" skipped="0" failures="0">
  <properties>
[...]
</properties>
  <testcase name="solicitarSimulation_lanzaExcepcion_siNoEstaImplementado" classname="com.tt1.trabajo.ServicioPracticaTest" time="0.027"/>
</testsuite>